<?xml version="1.0" encoding="UTF-8"?>
<testsuite name="one.digitalinnocation.experts.productcatalog.ProductCatalogApplicationTests" tests="1" skipped="0" failures="0" errors="0" timestamp="2021-08-12T20:15:41" hostname="DESKTOP-2DLOGD7" time="0.324">
  <properties/>
  <testcase name="contextLoads()" classname="one.digitalinnocation.experts.productcatalog.ProductCatalogApplicationTests" time="0.324"/>
  <system-out><![CDATA[17:15:37.306 [Test worker] DEBUG org.springframework.test.context.BootstrapUtils - Instantiating CacheAwareContextLoaderDelegate from class [org.springframework.test.context.cache.DefaultCacheAwareContextLoaderDelegate]
17:15:37.306 [Test worker] DEBUG org.springframework.test.context.BootstrapUtils - Instantiating BootstrapContext using constructor [public org.springframework.test.context.support.DefaultBootstrapContext(java.lang.Class,org.springframework.test.context.CacheAwareContextLoaderDelegate)]
17:15:37.344 [Test worker] DEBUG org.springframework.test.context.BootstrapUtils - Instantiating TestContextBootstrapper for test class [one.digitalinnocation.experts.productcatalog.ProductCatalogApplicationTests] from class [org.springframework.boot.test.context.SpringBootTestContextBootstrapper]
17:15:37.344 [Test worker] INFO org.springframework.boot.test.context.SpringBootTestContextBootstrapper - Neither @ContextConfiguration nor @ContextHierarchy found for test class [one.digitalinnocation.experts.productcatalog.ProductCatalogApplicationTests], using SpringBootContextLoader
17:15:37.360 [Test worker] DEBUG org.springframework.test.context.support.AbstractContextLoader - Did not detect default resource location for test class [one.digitalinnocation.experts.productcatalog.ProductCatalogApplicationTests]: class path resource [one/digitalinnocation/experts/productcatalog/ProductCatalogApplicationTests-context.xml] does not exist
17:15:37.360 [Test worker] DEBUG org.springframework.test.context.support.AbstractContextLoader - Did not detect default resource location for test class [one.digitalinnocation.experts.productcatalog.ProductCatalogApplicationTests]: class path resource [one/digitalinnocation/experts/productcatalog/ProductCatalogApplicationTestsContext.groovy] does not exist
17:15:37.360 [Test worker] INFO org.springframework.test.context.support.AbstractContextLoader - Could not detect default resource locations for test class [one.digitalinnocation.experts.productcatalog.ProductCatalogApplicationTests]: no resource found for suffixes {-context.xml, Context.groovy}.
17:15:37.360 [Test worker] INFO org.springframework.test.context.support.AnnotationConfigContextLoaderUtils - Could not detect default configuration classes for test class [one.digitalinnocation.experts.productcatalog.ProductCatalogApplicationTests]: ProductCatalogApplicationTests does not declare any static, non-private, non-final, nested classes annotated with @Configuration.
17:15:37.406 [Test worker] DEBUG org.springframework.test.context.support.ActiveProfilesUtils - Could not find an 'annotation declaring class' for annotation type [org.springframework.test.context.ActiveProfiles] and class [one.digitalinnocation.experts.productcatalog.ProductCatalogApplicationTests]
17:15:37.460 [Test worker] DEBUG org.springframework.context.annotation.ClassPathScanningCandidateComponentProvider - Identified candidate component class: file [C:\Users\vinicius\Downloads\product-catalog\build\classes\java\main\one\digitalinnocation\experts\productcatalog\ProductCatalogApplication.class]
17:15:37.460 [Test worker] INFO org.springframework.boot.test.context.SpringBootTestContextBootstrapper - Found @SpringBootConfiguration one.digitalinnocation.experts.productcatalog.ProductCatalogApplication for test class one.digitalinnocation.experts.productcatalog.ProductCatalogApplicationTests
17:15:37.591 [Test worker] DEBUG org.springframework.boot.test.context.SpringBootTestContextBootstrapper - @TestExecutionListeners is not present for class [one.digitalinnocation.experts.productcatalog.ProductCatalogApplicationTests]: using defaults.
17:15:37.591 [Test worker] INFO org.springframework.boot.test.context.SpringBootTestContextBootstrapper - Loaded default TestExecutionListener class names from location [META-INF/spring.factories]: [org.springframework.boot.test.autoconfigure.restdocs.RestDocsTestExecutionListener, org.springframework.boot.test.autoconfigure.web.client.MockRestServiceServerResetTestExecutionListener, org.springframework.boot.test.autoconfigure.web.servlet.MockMvcPrintOnlyOnFailureTestExecutionListener, org.springframework.boot.test.autoconfigure.web.servlet.WebDriverTestExecutionListener, org.springframework.boot.test.autoconfigure.webservices.client.MockWebServiceServerTestExecutionListener, org.springframework.boot.test.mock.mockito.MockitoTestExecutionListener, org.springframework.boot.test.mock.mockito.ResetMocksTestExecutionListener, org.springframework.test.context.web.ServletTestExecutionListener, org.springframework.test.context.support.DirtiesContextBeforeModesTestExecutionListener, org.springframework.test.context.event.ApplicationEventsTestExecutionListener, org.springframework.test.context.support.DependencyInjectionTestExecutionListener, org.springframework.test.context.support.DirtiesContextTestExecutionListener, org.springframework.test.context.transaction.TransactionalTestExecutionListener, org.springframework.test.context.jdbc.SqlScriptsTestExecutionListener, org.springframework.test.context.event.EventPublishingTestExecutionListener]
17:15:37.607 [Test worker] INFO org.springframework.boot.test.context.SpringBootTestContextBootstrapper - Using TestExecutionListeners: [org.springframework.test.context.web.ServletTestExecutionListener@900326c, org.springframework.test.context.support.DirtiesContextBeforeModesTestExecutionListener@64ba9565, org.springframework.test.context.event.ApplicationEventsTestExecutionListener@48ed8b1e, org.springframework.boot.test.mock.mockito.MockitoTestExecutionListener@71ce79aa, org.springframework.boot.test.autoconfigure.SpringBootDependencyInjectionTestExecutionListener@79d5b6ad, org.springframework.test.context.support.DirtiesContextTestExecutionListener@4974054f, org.springframework.test.context.transaction.TransactionalTestExecutionListener@6de5c204, org.springframework.test.context.jdbc.SqlScriptsTestExecutionListener@6fe4e53b, org.springframework.test.context.event.EventPublishingTestExecutionListener@3bd056b4, org.springframework.boot.test.autoconfigure.restdocs.RestDocsTestExecutionListener@526772fc, org.springframework.boot.test.autoconfigure.web.client.MockRestServiceServerResetTestExecutionListener@11d17f56, org.springframework.boot.test.autoconfigure.web.servlet.MockMvcPrintOnlyOnFailureTestExecutionListener@59549d6a, org.springframework.boot.test.autoconfigure.web.servlet.WebDriverTestExecutionListener@60881502, org.springframework.boot.test.autoconfigure.webservices.client.MockWebServiceServerTestExecutionListener@9917b7d, org.springframework.boot.test.mock.mockito.ResetMocksTestExecutionListener@13a08ed6]
17:15:37.607 [Test worker] DEBUG org.springframework.test.context.support.AbstractDirtiesContextTestExecutionListener - Before test class: context [DefaultTestContext@6c7ca7be testClass = ProductCatalogApplicationTests, testInstance = [null], testMethod = [null], testException = [null], mergedContextConfiguration = [WebMergedContextConfiguration@6f1956c8 testClass = ProductCatalogApplicationTests, locations = '{}', classes = '{class one.digitalinnocation.experts.productcatalog.ProductCatalogApplication}', contextInitializerClasses = '[]', activeProfiles = '{}', propertySourceLocations = '{}', propertySourceProperties = '{org.springframework.boot.test.context.SpringBootTestContextBootstrapper=true}', contextCustomizers = set[org.springframework.boot.test.autoconfigure.actuate.metrics.MetricsExportContextCustomizerFactory$DisableMetricExportContextCustomizer@5f04dcc7, org.springframework.boot.test.autoconfigure.properties.PropertyMappingContextCustomizer@0, org.springframework.boot.test.autoconfigure.web.servlet.WebDriverContextCustomizerFactory$Customizer@791480ef, org.springframework.boot.test.context.filter.ExcludeFilterContextCustomizer@14aba52d, org.springframework.boot.test.json.DuplicateJsonObjectContextCustomizerFactory$DuplicateJsonObjectContextCustomizer@64353909, org.springframework.boot.test.mock.mockito.MockitoContextCustomizer@0, org.springframework.boot.test.web.client.TestRestTemplateContextCustomizer@2a1ddd61, org.springframework.boot.test.context.SpringBootTestArgs@1, org.springframework.boot.test.context.SpringBootTestWebEnvironment@27ac376a], resourceBasePath = 'src/main/webapp', contextLoader = 'org.springframework.boot.test.context.SpringBootContextLoader', parent = [null]], attributes = map['org.springframework.test.context.web.ServletTestExecutionListener.activateListener' -> true]], class annotated with @DirtiesContext [false] with mode [null].
17:15:37.629 [Test worker] DEBUG org.springframework.test.context.support.TestPropertySourceUtils - Adding inlined properties to environment: {spring.jmx.enabled=false, org.springframework.boot.test.context.SpringBootTestContextBootstrapper=true}

  .   ____          _            __ _ _
 /\\ / ___'_ __ _ _(_)_ __  __ _ \ \ \ \
( ( )\___ | '_ | '_| | '_ \/ _` | \ \ \ \
 \\/  ___)| |_)| | | | | || (_| |  ) ) ) )
  '  |____| .__|_| |_|_| |_\__, | / / / /
 =========|_|==============|___/=/_/_/_/
 :: Spring Boot ::                (v2.5.3)

2021-08-12 17:15:37.861  INFO 10320 --- [    Test worker] o.d.e.p.ProductCatalogApplicationTests   : Starting ProductCatalogApplicationTests using Java 11.0.12 on DESKTOP-2DLOGD7 with PID 10320 (started by vinicius in C:\Users\vinicius\Downloads\product-catalog)
2021-08-12 17:15:37.861  INFO 10320 --- [    Test worker] o.d.e.p.ProductCatalogApplicationTests   : No active profile set, falling back to default profiles: default
2021-08-12 17:15:38.552  INFO 10320 --- [    Test worker] .s.d.r.c.RepositoryConfigurationDelegate : Bootstrapping Spring Data Elasticsearch repositories in DEFAULT mode.
2021-08-12 17:15:38.552  INFO 10320 --- [    Test worker] .s.d.r.c.RepositoryConfigurationDelegate : Finished Spring Data repository scanning in 5 ms. Found 0 Elasticsearch repository interfaces.
2021-08-12 17:15:38.552  INFO 10320 --- [    Test worker] .s.d.r.c.RepositoryConfigurationDelegate : Bootstrapping Spring Data Reactive Elasticsearch repositories in DEFAULT mode.
2021-08-12 17:15:38.552  INFO 10320 --- [    Test worker] .s.d.r.c.RepositoryConfigurationDelegate : Finished Spring Data repository scanning in 1 ms. Found 0 Reactive Elasticsearch repository interfaces.
2021-08-12 17:15:41.392  INFO 10320 --- [    Test worker] o.s.d.elasticsearch.support.VersionInfo  : Version Spring Data Elasticsearch: 4.2.3
2021-08-12 17:15:41.392  INFO 10320 --- [    Test worker] o.s.d.elasticsearch.support.VersionInfo  : Version Elasticsearch Client in build: 7.12.1
2021-08-12 17:15:41.392  INFO 10320 --- [    Test worker] o.s.d.elasticsearch.support.VersionInfo  : Version Elasticsearch Client used: 7.12.1
2021-08-12 17:15:41.461  INFO 10320 --- [    Test worker] o.s.b.a.e.web.EndpointLinksResolver      : Exposing 1 endpoint(s) beneath base path '/actuator'
2021-08-12 17:15:41.508  INFO 10320 --- [    Test worker] o.d.e.p.ProductCatalogApplicationTests   : Started ProductCatalogApplicationTests in 3.865 seconds (JVM running for 4.957)
]]></system-out>
  <system-err><![CDATA[]]></system-err>
</testsuite>
